This is pdfTeX, Version 3.14159265-2.6-1.40.19 (TeX Live 2019/dev/Debian) (preloaded format=pdflatex 2019.6.22)  16 NOV 2019 20:42
entering extended mode
 restricted \write18 enabled.
 %&-line parsing enabled.
**Bachelorarbeit_Theurl_Manuel.tex
(./Bachelorarbeit_Theurl_Manuel.tex
LaTeX2e <2018-12-01>
(/usr/share/texlive/texmf-dist/tex/latex/base/article.cls
Document Class: article 2018/09/03 v1.4i Standard LaTeX document class
(/usr/share/texlive/texmf-dist/tex/latex/base/size12.clo
File: size12.clo 2018/09/03 v1.4i Standard LaTeX file (size option)
)
\c@part=\count80
\c@section=\count81
\c@subsection=\count82
\c@subsubsection=\count83
\c@paragraph=\count84
\c@subparagraph=\count85
\c@figure=\count86
\c@table=\count87
\abovecaptionskip=\skip41
\belowcaptionskip=\skip42
\bibindent=\dimen102
)
(/usr/share/texlive/texmf-dist/tex/latex/geometry/geometry.sty
Package: geometry 2018/04/16 v5.8 Page Geometry

(/usr/share/texlive/texmf-dist/tex/latex/graphics/keyval.sty
Package: keyval 2014/10/28 v1.15 key=value parser (DPC)
\KV@toks@=\toks14
)
(/usr/share/texlive/texmf-dist/tex/generic/oberdiek/ifpdf.sty
Package: ifpdf 2018/09/07 v3.3 Provides the ifpdf switch
)
(/usr/share/texlive/texmf-dist/tex/generic/oberdiek/ifvtex.sty
Package: ifvtex 2016/05/16 v1.6 Detect VTeX and its facilities (HO)
Package ifvtex Info: VTeX not detected.
)
(/usr/share/texlive/texmf-dist/tex/generic/ifxetex/ifxetex.sty
Package: ifxetex 2010/09/12 v0.6 Provides ifxetex conditional
)
\Gm@cnth=\count88
\Gm@cntv=\count89
\c@Gm@tempcnt=\count90
\Gm@bindingoffset=\dimen103
\Gm@wd@mp=\dimen104
\Gm@odd@mp=\dimen105
\Gm@even@mp=\dimen106
\Gm@layoutwidth=\dimen107
\Gm@layoutheight=\dimen108
\Gm@layouthoffset=\dimen109
\Gm@layoutvoffset=\dimen110
\Gm@dimlist=\toks15
)
(/usr/share/texlive/texmf-dist/tex/latex/base/inputenc.sty
Package: inputenc 2018/08/11 v1.3c Input encoding file
\inpenc@prehook=\toks16
\inpenc@posthook=\toks17
)
(/usr/share/texlive/texmf-dist/tex/generic/babel/babel.sty
Package: babel 2018/11/13 3.27 The Babel package

(/usr/share/texlive/texmf-dist/tex/generic/babel/switch.def
File: switch.def 2018/11/13 3.27 Babel switching mechanism
)
(/usr/share/texlive/texmf-dist/tex/generic/babel-german/german.ldf
Language: german 2018/12/08 v2.11 German support for babel (pre-1996 orthograph
y)

(/usr/share/texlive/texmf-dist/tex/generic/babel-german/germanb.ldf
Language: germanb 2018/12/08 v2.11 German support for babel (pre-1996 orthograp
hy)

(/usr/share/texlive/texmf-dist/tex/generic/babel/babel.def
File: babel.def 2018/11/13 3.27 Babel common definitions
\babel@savecnt=\count91
\U@D=\dimen111

(/usr/share/texlive/texmf-dist/tex/generic/babel/txtbabel.def)
\bbl@dirlevel=\count92
)
Package babel Info: Making " an active character on input line 135.
)))
(/usr/share/texlive/texmf-dist/tex/latex/base/fontenc.sty
Package: fontenc 2018/08/11 v2.0j Standard LaTeX package

(/usr/share/texlive/texmf-dist/tex/latex/base/t1enc.def
File: t1enc.def 2018/08/11 v2.0j Standard LaTeX file
LaTeX Font Info:    Redeclaring font encoding T1 on input line 48.
))
(/usr/share/texlive/texmf-dist/tex/latex/amsmath/amsmath.sty
Package: amsmath 2018/12/01 v2.17b AMS math features
\@mathmargin=\skip43

For additional information on amsmath, use the `?' option.
(/usr/share/texlive/texmf-dist/tex/latex/amsmath/amstext.sty
Package: amstext 2000/06/29 v2.01 AMS text

(/usr/share/texlive/texmf-dist/tex/latex/amsmath/amsgen.sty
File: amsgen.sty 1999/11/30 v2.0 generic functions
\@emptytoks=\toks18
\ex@=\dimen112
))
(/usr/share/texlive/texmf-dist/tex/latex/amsmath/amsbsy.sty
Package: amsbsy 1999/11/29 v1.2d Bold Symbols
\pmbraise@=\dimen113
)
(/usr/share/texlive/texmf-dist/tex/latex/amsmath/amsopn.sty
Package: amsopn 2016/03/08 v2.02 operator names
)
\inf@bad=\count93
LaTeX Info: Redefining \frac on input line 223.
\uproot@=\count94
\leftroot@=\count95
LaTeX Info: Redefining \overline on input line 385.
\classnum@=\count96
\DOTSCASE@=\count97
LaTeX Info: Redefining \ldots on input line 482.
LaTeX Info: Redefining \dots on input line 485.
LaTeX Info: Redefining \cdots on input line 606.
\Mathstrutbox@=\box27
\strutbox@=\box28
\big@size=\dimen114
LaTeX Font Info:    Redeclaring font encoding OML on input line 729.
LaTeX Font Info:    Redeclaring font encoding OMS on input line 730.
\macc@depth=\count98
\c@MaxMatrixCols=\count99
\dotsspace@=\muskip10
\c@parentequation=\count100
\dspbrk@lvl=\count101
\tag@help=\toks19
\row@=\count102
\column@=\count103
\maxfields@=\count104
\andhelp@=\toks20
\eqnshift@=\dimen115
\alignsep@=\dimen116
\tagshift@=\dimen117
\tagwidth@=\dimen118
\totwidth@=\dimen119
\lineht@=\dimen120
\@envbody=\toks21
\multlinegap=\skip44
\multlinetaggap=\skip45
\mathdisplay@stack=\toks22
LaTeX Info: Redefining \[ on input line 2844.
LaTeX Info: Redefining \] on input line 2845.
)
(/usr/share/texlive/texmf-dist/tex/latex/amsfonts/amsfonts.sty
Package: amsfonts 2013/01/14 v3.01 Basic AMSFonts support
\symAMSa=\mathgroup4
\symAMSb=\mathgroup5
LaTeX Font Info:    Overwriting math alphabet `\mathfrak' in version `bold'
(Font)                  U/euf/m/n --> U/euf/b/n on input line 106.
)
(/usr/share/texlive/texmf-dist/tex/latex/amsfonts/amssymb.sty
Package: amssymb 2013/01/14 v3.01 AMS font symbols
)
(/usr/share/texlive/texmf-dist/tex/latex/graphics/graphicx.sty
Package: graphicx 2017/06/01 v1.1a Enhanced LaTeX Graphics (DPC,SPQR)

(/usr/share/texlive/texmf-dist/tex/latex/graphics/graphics.sty
Package: graphics 2017/06/25 v1.2c Standard LaTeX Graphics (DPC,SPQR)

(/usr/share/texlive/texmf-dist/tex/latex/graphics/trig.sty
Package: trig 2016/01/03 v1.10 sin cos tan (DPC)
)
(/usr/share/texlive/texmf-dist/tex/latex/graphics-cfg/graphics.cfg
File: graphics.cfg 2016/06/04 v1.11 sample graphics configuration
)
Package graphics Info: Driver file: pdftex.def on input line 99.

(/usr/share/texlive/texmf-dist/tex/latex/graphics-def/pdftex.def
File: pdftex.def 2018/01/08 v1.0l Graphics/color driver for pdftex
))
\Gin@req@height=\dimen121
\Gin@req@width=\dimen122
)
(/usr/share/texlive/texmf-dist/tex/latex/listings/listings.sty
\lst@mode=\count105
\lst@gtempboxa=\box29
\lst@token=\toks23
\lst@length=\count106
\lst@currlwidth=\dimen123
\lst@column=\count107
\lst@pos=\count108
\lst@lostspace=\dimen124
\lst@width=\dimen125
\lst@newlines=\count109
\lst@lineno=\count110
\lst@maxwidth=\dimen126

(/usr/share/texlive/texmf-dist/tex/latex/listings/lstmisc.sty
File: lstmisc.sty 2018/09/02 1.7 (Carsten Heinz)
\c@lstnumber=\count111
\lst@skipnumbers=\count112
\lst@framebox=\box30
)
(/usr/share/texlive/texmf-dist/tex/latex/listings/listings.cfg
File: listings.cfg 2018/09/02 1.7 listings configuration
))
Package: listings 2018/09/02 1.7 (Carsten Heinz)

(/usr/share/texlive/texmf-dist/tex/latex/graphics/color.sty
Package: color 2016/07/10 v1.1e Standard LaTeX Color (DPC)

(/usr/share/texlive/texmf-dist/tex/latex/graphics-cfg/color.cfg
File: color.cfg 2016/01/02 v1.6 sample color configuration
)
Package color Info: Driver file: pdftex.def on input line 147.
)
(/usr/share/texlive/texmf-dist/tex/latex/float/float.sty
Package: float 2001/11/08 v1.3d Float enhancements (AL)
\c@float@type=\count113
\float@exts=\toks24
\float@box=\box31
\@float@everytoks=\toks25
\@floatcapt=\box32
)
(/usr/share/texlive/texmf-dist/tex/latex/tools/tabularx.sty
Package: tabularx 2016/02/03 v2.11b `tabularx' package (DPC)

(/usr/share/texlive/texmf-dist/tex/latex/tools/array.sty
Package: array 2018/12/30 v2.4k Tabular extension package (FMi)
\col@sep=\dimen127
\ar@mcellbox=\box33
\extrarowheight=\dimen128
\NC@list=\toks26
\extratabsurround=\skip46
\backup@length=\skip47
\ar@cellbox=\box34
)
\TX@col@width=\dimen129
\TX@old@table=\dimen130
\TX@old@col=\dimen131
\TX@target=\dimen132
\TX@delta=\dimen133
\TX@cols=\count114
\TX@ftn=\toks27
)
(/usr/share/texlive/texmf-dist/tex/latex/biblatex/biblatex.sty
Package: biblatex 2018/11/02 v3.12 programmable bibliographies (PK/MW)

(/usr/share/texlive/texmf-dist/tex/generic/oberdiek/pdftexcmds.sty
Package: pdftexcmds 2018/09/10 v0.29 Utility functions of pdfTeX for LuaTeX (HO
)

(/usr/share/texlive/texmf-dist/tex/generic/oberdiek/infwarerr.sty
Package: infwarerr 2016/05/16 v1.4 Providing info/warning/error messages (HO)
)
(/usr/share/texlive/texmf-dist/tex/generic/oberdiek/ifluatex.sty
Package: ifluatex 2016/05/16 v1.4 Provides the ifluatex switch (HO)
Package ifluatex Info: LuaTeX not detected.
)
(/usr/share/texlive/texmf-dist/tex/generic/oberdiek/ltxcmds.sty
Package: ltxcmds 2016/05/16 v1.23 LaTeX kernel commands for general use (HO)
)
Package pdftexcmds Info: LuaTeX not detected.
Package pdftexcmds Info: \pdf@primitive is available.
Package pdftexcmds Info: \pdf@ifprimitive is available.
Package pdftexcmds Info: \pdfdraftmode found.
)
(/usr/share/texlive/texmf-dist/tex/latex/etoolbox/etoolbox.sty
Package: etoolbox 2018/08/19 v2.5f e-TeX tools for LaTeX (JAW)
\etb@tempcnta=\count115
)
(/usr/share/texlive/texmf-dist/tex/latex/oberdiek/kvoptions.sty
Package: kvoptions 2016/05/16 v3.12 Key value format for package options (HO)

(/usr/share/texlive/texmf-dist/tex/generic/oberdiek/kvsetkeys.sty
Package: kvsetkeys 2016/05/16 v1.17 Key value parser (HO)

(/usr/share/texlive/texmf-dist/tex/generic/oberdiek/etexcmds.sty
Package: etexcmds 2016/05/16 v1.6 Avoid name clashes with e-TeX commands (HO)
)))
(/usr/share/texlive/texmf-dist/tex/latex/logreq/logreq.sty
Package: logreq 2010/08/04 v1.0 xml request logger
\lrq@indent=\count116

(/usr/share/texlive/texmf-dist/tex/latex/logreq/logreq.def
File: logreq.def 2010/08/04 v1.0 logreq spec v1.0
))
(/usr/share/texlive/texmf-dist/tex/latex/base/ifthen.sty
Package: ifthen 2014/09/29 v1.1c Standard LaTeX ifthen package (DPC)
)
(/usr/share/texlive/texmf-dist/tex/latex/url/url.sty
\Urlmuskip=\muskip11
Package: url 2013/09/16  ver 3.4  Verb mode for urls, etc.
)
\c@tabx@nest=\count117
\c@listtotal=\count118
\c@listcount=\count119
\c@liststart=\count120
\c@liststop=\count121
\c@citecount=\count122
\c@citetotal=\count123
\c@multicitecount=\count124
\c@multicitetotal=\count125
\c@instcount=\count126
\c@maxnames=\count127
\c@minnames=\count128
\c@maxitems=\count129
\c@minitems=\count130
\c@citecounter=\count131
\c@maxcitecounter=\count132
\c@savedcitecounter=\count133
\c@uniquelist=\count134
\c@uniquename=\count135
\c@refsection=\count136
\c@refsegment=\count137
\c@maxextratitle=\count138
\c@maxextratitleyear=\count139
\c@maxextraname=\count140
\c@maxextradate=\count141
\c@maxextraalpha=\count142
\c@abbrvpenalty=\count143
\c@highnamepenalty=\count144
\c@lownamepenalty=\count145
\c@maxparens=\count146
\c@parenlevel=\count147
\blx@tempcnta=\count148
\blx@tempcntb=\count149
\blx@tempcntc=\count150
\blx@maxsection=\count151
\blx@maxsegment@0=\count152
\blx@notetype=\count153
\blx@parenlevel@text=\count154
\blx@parenlevel@foot=\count155
\blx@sectionciteorder@0=\count156
\blx@entrysetcounter=\count157
\labelnumberwidth=\skip48
\labelalphawidth=\skip49
\biblabelsep=\skip50
\bibitemsep=\skip51
\bibnamesep=\skip52
\bibinitsep=\skip53
\bibparsep=\skip54
\bibhang=\skip55
\blx@bcfin=\read1
\blx@bcfout=\write3
\c@mincomprange=\count158
\c@maxcomprange=\count159
\c@mincompwidth=\count160
Package biblatex Info: Trying to load biblatex default data model...
Package biblatex Info: ... file 'blx-dm.def' found.

(/usr/share/texlive/texmf-dist/tex/latex/biblatex/blx-dm.def
File: blx-dm.def 2018/11/02 v3.12 biblatex localization (PK/MW)
)
Package biblatex Info: Trying to load biblatex style data model...
Package biblatex Info: ... file 'authoryear.dbx' not found.
Package biblatex Info: Trying to load biblatex custom data model...
Package biblatex Info: ... file 'biblatex-dm.cfg' not found.
\c@afterword=\count161
\c@savedafterword=\count162
\c@annotator=\count163
\c@savedannotator=\count164
\c@author=\count165
\c@savedauthor=\count166
\c@bookauthor=\count167
\c@savedbookauthor=\count168
\c@commentator=\count169
\c@savedcommentator=\count170
\c@editor=\count171
\c@savededitor=\count172
\c@editora=\count173
\c@savededitora=\count174
\c@editorb=\count175
\c@savededitorb=\count176
\c@editorc=\count177
\c@savededitorc=\count178
\c@foreword=\count179
\c@savedforeword=\count180
\c@holder=\count181
\c@savedholder=\count182
\c@introduction=\count183
\c@savedintroduction=\count184
\c@namea=\count185
\c@savednamea=\count186
\c@nameb=\count187
\c@savednameb=\count188
\c@namec=\count189
\c@savednamec=\count190
\c@translator=\count191
\c@savedtranslator=\count192
\c@shortauthor=\count193
\c@savedshortauthor=\count194
\c@shorteditor=\count195
\c@savedshorteditor=\count196
\c@labelname=\count197
\c@savedlabelname=\count198
\c@institution=\count199
\c@savedinstitution=\count266
\c@lista=\count267
\c@savedlista=\count268
\c@listb=\count269
\c@savedlistb=\count270
\c@listc=\count271
\c@savedlistc=\count272
\c@listd=\count273
\c@savedlistd=\count274
\c@liste=\count275
\c@savedliste=\count276
\c@listf=\count277
\c@savedlistf=\count278
\c@location=\count279
\c@savedlocation=\count280
\c@organization=\count281
\c@savedorganization=\count282
\c@origlocation=\count283
\c@savedoriglocation=\count284
\c@origpublisher=\count285
\c@savedorigpublisher=\count286
\c@publisher=\count287
\c@savedpublisher=\count288
\c@language=\count289
\c@savedlanguage=\count290
\c@origlanguage=\count291
\c@savedoriglanguage=\count292
\c@pageref=\count293
\c@savedpageref=\count294
\shorthandwidth=\skip56
\shortjournalwidth=\skip57
\shortserieswidth=\skip58
\shorttitlewidth=\skip59
\shortauthorwidth=\skip60
\shorteditorwidth=\skip61
\locallabelnumberwidth=\skip62
\locallabelalphawidth=\skip63
\localshorthandwidth=\skip64
\localshortjournalwidth=\skip65
\localshortserieswidth=\skip66
\localshorttitlewidth=\skip67
\localshortauthorwidth=\skip68
\localshorteditorwidth=\skip69
Package biblatex Info: Trying to load compatibility code...
Package biblatex Info: ... file 'blx-compat.def' found.

(/usr/share/texlive/texmf-dist/tex/latex/biblatex/blx-compat.def
File: blx-compat.def 2018/11/02 v3.12 biblatex compatibility (PK/MW)
)
Package biblatex Info: Trying to load generic definitions...
Package biblatex Info: ... file 'biblatex.def' found.

(/usr/share/texlive/texmf-dist/tex/latex/biblatex/biblatex.def
File: biblatex.def 2018/11/02 v3.12 biblatex compatibility (PK/MW)
\c@textcitecount=\count295
\c@textcitetotal=\count296
\c@textcitemaxnames=\count297
\c@biburlnumpenalty=\count298
\c@biburlucpenalty=\count299
\c@biburllcpenalty=\count300
\c@smartand=\count301
)
Package biblatex Info: Trying to load natbib compatibility...
Package biblatex Info: ... file 'blx-natbib.def' found.

(/usr/share/texlive/texmf-dist/tex/latex/biblatex/blx-natbib.def
File: blx-natbib.def 2018/11/02 v3.12 biblatex compatibility (PK/MW)
Package biblatex Info: Delimiter 'nameyeardelim' in context '' already defined,
 overwriting.
)
Package biblatex Info: Trying to load bibliography style 'authoryear'...
Package biblatex Info: ... file 'authoryear.bbx' found.

(/usr/share/texlive/texmf-dist/tex/latex/biblatex/bbx/authoryear.bbx
File: authoryear.bbx 2018/11/02 v3.12 biblatex bibliography style (PK/MW)
Package biblatex Info: Trying to load bibliography style 'standard'...
Package biblatex Info: ... file 'standard.bbx' found.

(/usr/share/texlive/texmf-dist/tex/latex/biblatex/bbx/standard.bbx
File: standard.bbx 2018/11/02 v3.12 biblatex bibliography style (PK/MW)
\c@bbx:relatedcount=\count302
\c@bbx:relatedtotal=\count303
))
Package biblatex Info: Trying to load citation style 'authoryear'...
Package biblatex Info: ... file 'authoryear.cbx' found.

(/usr/share/texlive/texmf-dist/tex/latex/biblatex/cbx/authoryear.cbx
File: authoryear.cbx 2018/11/02 v3.12 biblatex citation style (PK/MW)
Package biblatex Info: Redefining '\cite'.
Package biblatex Info: Redefining '\parencite'.
Package biblatex Info: Redefining '\footcite'.
Package biblatex Info: Redefining '\footcitetext'.
Package biblatex Info: Redefining '\smartcite'.
Package biblatex Info: Redefining '\textcite'.
Package biblatex Info: Redefining '\textcites'.
)
Package biblatex Info: Trying to load configuration file...
Package biblatex Info: ... file 'biblatex.cfg' found.

(/usr/share/texlive/texmf-dist/tex/latex/biblatex/biblatex.cfg
File: biblatex.cfg 
)

Package biblatex Warning: 'firstinits' option is deprecated.
(biblatex)                Please use 'giveninits' instead.

) (/usr/share/texlive/texmf-dist/tex/latex/setspace/setspace.sty
Package: setspace 2011/12/19 v6.7a set line spacing
)
(/usr/share/texlive/texmf-dist/tex/latex/koma-script/scrpage2.sty
Package: scrpage2 2019/02/01 v3.26b KOMA-Script package (page head and foot)


Package scrpage2 Warning: usage of obsolete package!
(scrpage2)                Package `scrpage2' is obsolete.
(scrpage2)                You should not longer use package `scrpage2'.
(scrpage2)                You should replace usage of package `scrpage2'
(scrpage2)                by `scrlayer-scrpage' on input line 52.

)
Package biblatex Info: Trying to load language 'german'...
Package biblatex Info: ... file 'german.lbx' found.
 (/usr/share/texlive/texmf-dist/tex/latex/biblatex/lbx/german.lbx
File: german.lbx 2018/11/02 v3.12 biblatex localization (PK/MW)
)

Package biblatex Warning: Missing 'hyperref' package.
(biblatex)                Setting 'hyperref=false'.


Package biblatex Warning: 'babel/polyglossia' detected but 'csquotes' missing.
(biblatex)                Loading 'csquotes' recommended.

\@quotelevel=\count304
\@quotereset=\count305

Package biblatex Warning: Conflicting options.
(biblatex)                '<namepart>inits' conflicts with 'uniquename=full'.
(biblatex)                Setting 'uniquename=init' on input line 36.

(./Bachelorarbeit_Theurl_Manuel.aux

LaTeX Warning: Label `fig:..' multiply defined.


LaTeX Warning: Label `fig:..' multiply defined.


LaTeX Warning: Label `fig:..' multiply defined.


LaTeX Warning: Label `fig:..' multiply defined.


LaTeX Warning: Label `fig:..' multiply defined.


LaTeX Warning: Label `fig:..' multiply defined.


LaTeX Warning: Label `fig:..' multiply defined.


LaTeX Warning: Label `fig:..' multiply defined.


LaTeX Warning: Label `fig:..' multiply defined.

)
\openout1 = `Bachelorarbeit_Theurl_Manuel.aux'.

LaTeX Font Info:    Checking defaults for OML/cmm/m/it on input line 36.
LaTeX Font Info:    ... okay on input line 36.
LaTeX Font Info:    Checking defaults for T1/cmr/m/n on input line 36.
LaTeX Font Info:    ... okay on input line 36.
LaTeX Font Info:    Checking defaults for OT1/cmr/m/n on input line 36.
LaTeX Font Info:    ... okay on input line 36.
LaTeX Font Info:    Checking defaults for OMS/cmsy/m/n on input line 36.
LaTeX Font Info:    ... okay on input line 36.
LaTeX Font Info:    Checking defaults for OMX/cmex/m/n on input line 36.
LaTeX Font Info:    ... okay on input line 36.
LaTeX Font Info:    Checking defaults for U/cmr/m/n on input line 36.
LaTeX Font Info:    ... okay on input line 36.

*geometry* driver: auto-detecting
*geometry* detected driver: pdftex
*geometry* verbose mode - [ preamble ] result:
* driver: pdftex
* paper: a4paper
* layout: <same size as paper>
* layoutoffset:(h,v)=(0.0pt,0.0pt)
* modes: 
* h-part:(L,W,R)=(81.94394pt, 433.62pt, 81.94394pt)
* v-part:(T,H,B)=(77.84674pt, 650.43pt, 116.77011pt)
* \paperwidth=597.50787pt
* \paperheight=845.04684pt
* \textwidth=433.62pt
* \textheight=650.43pt
* \oddsidemargin=9.67395pt
* \evensidemargin=9.67395pt
* \topmargin=-31.42325pt
* \headheight=12.0pt
* \headsep=25.0pt
* \topskip=12.0pt
* \footskip=30.0pt
* \marginparwidth=35.0pt
* \marginparsep=10.0pt
* \columnsep=10.0pt
* \skip\footins=10.8pt plus 4.0pt minus 2.0pt
* \hoffset=0.0pt
* \voffset=0.0pt
* \mag=1000
* \@twocolumnfalse
* \@twosidefalse
* \@mparswitchfalse
* \@reversemarginfalse
* (1in=72.27pt=25.4mm, 1cm=28.453pt)

(/usr/share/texlive/texmf-dist/tex/context/base/mkii/supp-pdf.mkii
[Loading MPS to PDF converter (version 2006.09.02).]
\scratchcounter=\count306
\scratchdimen=\dimen134
\scratchbox=\box35
\nofMPsegments=\count307
\nofMParguments=\count308
\everyMPshowfont=\toks28
\MPscratchCnt=\count309
\MPscratchDim=\dimen135
\MPnumerator=\count310
\makeMPintoPDFobject=\count311
\everyMPtoPDFconversion=\toks29
) (/usr/share/texlive/texmf-dist/tex/latex/oberdiek/epstopdf-base.sty
Package: epstopdf-base 2016/05/15 v2.6 Base part for package epstopdf

(/usr/share/texlive/texmf-dist/tex/latex/oberdiek/grfext.sty
Package: grfext 2016/05/16 v1.2 Manage graphics extensions (HO)

(/usr/share/texlive/texmf-dist/tex/generic/oberdiek/kvdefinekeys.sty
Package: kvdefinekeys 2016/05/16 v1.4 Define keys (HO)
))
Package epstopdf-base Info: Redefining graphics rule for `.eps' on input line 4
38.
Package grfext Info: Graphics extension search list:
(grfext)             [.pdf,.png,.jpg,.mps,.jpeg,.jbig2,.jb2,.PDF,.PNG,.JPG,.JPE
G,.JBIG2,.JB2,.eps]
(grfext)             \AppendGraphicsExtensions on input line 456.

(/usr/share/texlive/texmf-dist/tex/latex/latexconfig/epstopdf-sys.cfg
File: epstopdf-sys.cfg 2010/07/13 v1.3 Configuration of (r)epstopdf for TeX Liv
e
))
\c@lstlisting=\count312
Package biblatex Info: Input encoding 'utf8' detected.
Package biblatex Info: Automatic encoding selection.
(biblatex)             Assuming data encoding 'utf8'.
\openout3 = `Bachelorarbeit_Theurl_Manuel.bcf'.

Package biblatex Info: Trying to load bibliographic data...


Package biblatex Warning: File 'Bachelorarbeit_Theurl_Manuel.bbl' is wrong form
at version - expected 3.0.

Package biblatex Info: ... file 'Bachelorarbeit_Theurl_Manuel.bbl' found.
(./Bachelorarbeit_Theurl_Manuel.bbl)
Package biblatex Info: Reference section=0 on input line 36.
Package biblatex Info: Reference segment=0 on input line 36.


Package scrpage2 Warning: seems you are using a constant headheight.
(scrpage2)                If you get overfull \vbox warnings at almost every
(scrpage2)                page, you should increase headheight e.g. writing
(scrpage2)                 \setlength{\headheight}{1.1\baselineskip}
(scrpage2)                into the preamble of your document.
(scrpage2)                A better solution would be to use typearea package.

<logo_uni_graz.jpg, id=1, 119.4864pt x 102.1416pt>
File: logo_uni_graz.jpg Graphic file (type jpg)
<use logo_uni_graz.jpg>
Package pdftex.def Info: logo_uni_graz.jpg  used on input line 57.
(pdftex.def)             Requested size: 130.08731pt x 111.20432pt.
[1

{/var/lib/texmf/fonts/map/pdftex/updmap/pdftex.map} <./logo_uni_graz.jpg>]
LaTeX Font Info:    Try loading font information for U+msa on input line 79.

(/usr/share/texlive/texmf-dist/tex/latex/amsfonts/umsa.fd
File: umsa.fd 2013/01/14 v3.01 AMS symbols A
)
LaTeX Font Info:    Try loading font information for U+msb on input line 79.

(/usr/share/texlive/texmf-dist/tex/latex/amsfonts/umsb.fd
File: umsb.fd 2013/01/14 v3.01 AMS symbols B
)
Overfull \vbox (6.59328pt too high) has occurred while \output is active []


[1]
Overfull \vbox (6.59328pt too high) has occurred while \output is active []


[2]
Overfull \vbox (6.59328pt too high) has occurred while \output is active []


[3] (./Bachelorarbeit_Theurl_Manuel.toc)
\tf@toc=\write4
\openout4 = `Bachelorarbeit_Theurl_Manuel.toc'.


Overfull \vbox (6.59328pt too high) has occurred while \output is active []


[1] (./Bachelorarbeit_Theurl_Manuel.lof)
\tf@lof=\write5
\openout5 = `Bachelorarbeit_Theurl_Manuel.lof'.


Overfull \vbox (6.59328pt too high) has occurred while \output is active []


[2] (./Bachelorarbeit_Theurl_Manuel.lot)
\tf@lot=\write6
\openout6 = `Bachelorarbeit_Theurl_Manuel.lot'.


Overfull \vbox (6.59328pt too high) has occurred while \output is active []


[3]
Underfull \hbox (badness 10000) in paragraph at lines 112--114

 []

<pictures/Pasterze_Beschriftung_bw.jpg, id=31, 954.767pt x 461.725pt>
File: pictures/Pasterze_Beschriftung_bw.jpg Graphic file (type jpg)
<use pictures/Pasterze_Beschriftung_bw.jpg>
Package pdftex.def Info: pictures/Pasterze_Beschriftung_bw.jpg  used on input l
ine 120.
(pdftex.def)             Requested size: 433.62pt x 209.69771pt.

Overfull \vbox (6.59328pt too high) has occurred while \output is active []


[1]
Overfull \vbox (6.59328pt too high) has occurred while \output is active []


[2 <./pictures/Pasterze_Beschriftung_bw.jpg>]
<pictures/pasterze_laengenaenderung.jpg, id=42, 2248.4pt x 1985.4175pt>
File: pictures/pasterze_laengenaenderung.jpg Graphic file (type jpg)
<use pictures/pasterze_laengenaenderung.jpg>
Package pdftex.def Info: pictures/pasterze_laengenaenderung.jpg  used on input 
line 130.
(pdftex.def)             Requested size: 433.62pt x 382.8984pt.
<pictures/energy_balance_components.png, id=43, 860.21375pt x 402.50375pt>
File: pictures/energy_balance_components.png Graphic file (type png)
<use pictures/energy_balance_components.png>
Package pdftex.def Info: pictures/energy_balance_components.png  used on input 
line 142.
(pdftex.def)             Requested size: 433.62pt x 202.89735pt.

Overfull \vbox (6.59328pt too high) has occurred while \output is active []


[3 <./pictures/pasterze_laengenaenderung.jpg>]
Underfull \hbox (badness 10000) in paragraph at lines 147--148

 []


Underfull \hbox (badness 10000) in paragraph at lines 149--152

 []


Underfull \hbox (badness 10000) in paragraph at lines 153--154

 []


Overfull \vbox (6.59328pt too high) has occurred while \output is active []


[4 <./pictures/energy_balance_components.png>]
Underfull \hbox (badness 10000) in paragraph at lines 155--156

 []

<pictures/spectral_reflectance_curves_for_ice_and_snow.png, id=52, 783.67781pt 
x 721.19438pt>
File: pictures/spectral_reflectance_curves_for_ice_and_snow.png Graphic file (t
ype png)
<use pictures/spectral_reflectance_curves_for_ice_and_snow.png>
Package pdftex.def Info: pictures/spectral_reflectance_curves_for_ice_and_snow.
png  used on input line 167.
(pdftex.def)             Requested size: 346.89731pt x 319.2413pt.

Overfull \vbox (6.59328pt too high) has occurred while \output is active []


[5]
Overfull \vbox (6.59328pt too high) has occurred while \output is active []


[6 <./pictures/spectral_reflectance_curves_for_ice_and_snow.png (PNG copy)>]
Overfull \vbox (6.59328pt too high) has occurred while \output is active []


[7]
Underfull \hbox (badness 10000) in paragraph at lines 190--191

 []

LaTeX Font Info:    Try loading font information for OMS+cmr on input line 195.

(/usr/share/texlive/texmf-dist/tex/latex/base/omscmr.fd
File: omscmr.fd 2014/09/29 v2.5h Standard LaTeX font definitions
)
LaTeX Font Info:    Font shape `OMS/cmr/m/n' in size <12> not available
(Font)              Font shape `OMS/cmsy/m/n' tried instead on input line 195.

Overfull \vbox (6.59328pt too high) has occurred while \output is active []


[8]
Underfull \hbox (badness 10000) in paragraph at lines 220--221

 []


Underfull \hbox (badness 10000) in paragraph at lines 248--249

 []


Overfull \vbox (6.59328pt too high) has occurred while \output is active []


[9]
Underfull \hbox (badness 10000) in paragraph at lines 255--256

 []


Underfull \hbox (badness 10000) in paragraph at lines 257--259

 []


Overfull \vbox (6.59328pt too high) has occurred while \output is active []


[10]
Underfull \hbox (badness 10000) in paragraph at lines 304--305

 []


Underfull \hbox (badness 10000) in paragraph at lines 318--320

 []


Overfull \vbox (6.59328pt too high) has occurred while \output is active []


[11]
Underfull \hbox (badness 10000) in paragraph at lines 346--347

 []


LaTeX Warning: Reference `eq:TODO' on page 12 undefined on input line 348.


LaTeX Warning: Reference `eq:TODO' on page 12 undefined on input line 348.


LaTeX Warning: Reference `TODO' on page 12 undefined on input line 353.


Underfull \hbox (badness 10000) in paragraph at lines 353--354

 []


Overfull \vbox (6.59328pt too high) has occurred while \output is active []


[12]

LaTeX Warning: Reference `TODO' on page 13 undefined on input line 358.


LaTeX Warning: Reference `TODO' on page 13 undefined on input line 359.


Underfull \hbox (badness 10000) in paragraph at lines 358--360

 []

<pictures/GUI/Read_Frame.png, id=85, 1003.75pt x 702.625pt>
File: pictures/GUI/Read_Frame.png Graphic file (type png)
<use pictures/GUI/Read_Frame.png>
Package pdftex.def Info: pictures/GUI/Read_Frame.png  used on input line 378.
(pdftex.def)             Requested size: 433.62pt x 303.53806pt.

Overfull \vbox (6.59328pt too high) has occurred while \output is active []


[13]
<pictures/GUI/Scope_Energy_Balance_Frame.png, id=89, 1003.75pt x 735.74875pt>
File: pictures/GUI/Scope_Energy_Balance_Frame.png Graphic file (type png)
<use pictures/GUI/Scope_Energy_Balance_Frame.png>
Package pdftex.def Info: pictures/GUI/Scope_Energy_Balance_Frame.png  used on i
nput line 387.
(pdftex.def)             Requested size: 433.62pt x 317.8477pt.

Overfull \vbox (6.59328pt too high) has occurred while \output is active []


[14 <./pictures/GUI/Read_Frame.png>]
File: pictures/GUI/Scope_Energy_Balance_Frame.png Graphic file (type png)
<use pictures/GUI/Scope_Energy_Balance_Frame.png>
Package pdftex.def Info: pictures/GUI/Scope_Energy_Balance_Frame.png  used on i
nput line 396.
(pdftex.def)             Requested size: 433.62pt x 317.8477pt.

Overfull \vbox (6.59328pt too high) has occurred while \output is active []


[15 <./pictures/GUI/Scope_Energy_Balance_Frame.png>]
<pictures/GUI/Plot_Frame.png, id=98, 1003.75pt x 756.8275pt>
File: pictures/GUI/Plot_Frame.png Graphic file (type png)
<use pictures/GUI/Plot_Frame.png>
Package pdftex.def Info: pictures/GUI/Plot_Frame.png  used on input line 405.
(pdftex.def)             Requested size: 433.62pt x 326.95384pt.

Overfull \vbox (6.59328pt too high) has occurred while \output is active []


[16]
<pictures/GUI/Sample_Plot.png, id=102, 1154.3125pt x 813.0375pt>
File: pictures/GUI/Sample_Plot.png Graphic file (type png)
<use pictures/GUI/Sample_Plot.png>
Package pdftex.def Info: pictures/GUI/Sample_Plot.png  used on input line 414.
(pdftex.def)             Requested size: 433.62pt x 305.42177pt.

Overfull \vbox (6.59328pt too high) has occurred while \output is active []


[17 <./pictures/GUI/Plot_Frame.png>]
<pictures/GUI/Download_Frame.png, id=107, 1003.75pt x 756.8275pt>
File: pictures/GUI/Download_Frame.png Graphic file (type png)
<use pictures/GUI/Download_Frame.png>
Package pdftex.def Info: pictures/GUI/Download_Frame.png  used on input line 42
3.
(pdftex.def)             Requested size: 433.62pt x 326.95384pt.

Overfull \vbox (6.59328pt too high) has occurred while \output is active []


[18 <./pictures/GUI/Sample_Plot.png>]
Underfull \hbox (badness 10000) in paragraph at lines 433--434

 []

LaTeX Font Info:    Try loading font information for T1+cmss on input line 437.

(/usr/share/texlive/texmf-dist/tex/latex/base/t1cmss.fd
File: t1cmss.fd 2014/09/29 v2.5h Standard LaTeX font definitions
)
Underfull \hbox (badness 10000) in paragraph at lines 437--438

 []


Underfull \hbox (badness 10000) in paragraph at lines 440--441

 []


Overfull \vbox (6.59328pt too high) has occurred while \output is active []


[19 <./pictures/GUI/Download_Frame.png>]
Underfull \hbox (badness 10000) in paragraph at lines 442--443

 []


Underfull \hbox (badness 10000) in paragraph at lines 444--446

 []


Overfull \hbox (59.1711pt too wide) in paragraph at lines 449--450
\T1/cmr/m/n/12 in Py-thon. In der of-fi-zi-el-len Py-thon Do-ku-men-ta-ti-on un
-ter \T1/cmss/m/n/10.95 htt-ps://docs.python.org/3/library/venv.html
 []


Underfull \hbox (badness 10000) in paragraph at lines 451--452

 []


Underfull \hbox (badness 10000) in paragraph at lines 453--455

 []


Underfull \hbox (badness 10000) in paragraph at lines 459--460

 []


Underfull \hbox (badness 10000) in paragraph at lines 461--462

 []


Overfull \vbox (6.59328pt too high) has occurred while \output is active []


[20]

LaTeX Warning: Reference `fig:Energiebilanz im gesamten Messzeitraum' on page 2
1 undefined on input line 468.

<../Software/plots/Total_energy_balance.png, id=121, 845.559pt x 559.18912pt>
File: ../Software/plots/Total_energy_balance.png Graphic file (type png)
<use ../Software/plots/Total_energy_balance.png>
Package pdftex.def Info: ../Software/plots/Total_energy_balance.png  used on in
put line 472.
(pdftex.def)             Requested size: 433.62pt x 286.76971pt.
<../Software/plots/Total_energy_balance_summed.png, id=122, 838.332pt x 559.189
12pt>
File: ../Software/plots/Total_energy_balance_summed.png Graphic file (type png)

<use ../Software/plots/Total_energy_balance_summed.png>
Package pdftex.def Info: ../Software/plots/Total_energy_balance_summed.png  use
d on input line 487.
(pdftex.def)             Requested size: 433.62pt x 289.23563pt.

Overfull \vbox (6.59328pt too high) has occurred while \output is active []


[21 <../Software/plots/Total_energy_balance.png>]
Underfull \hbox (badness 10000) in paragraph at lines 492--494

 []

<../Software/plots/Energy_balance_only_radiation.png, id=127, 840.13875pt x 559
.18912pt>
File: ../Software/plots/Energy_balance_only_radiation.png Graphic file (type pn
g)
<use ../Software/plots/Energy_balance_only_radiation.png>
Package pdftex.def Info: ../Software/plots/Energy_balance_only_radiation.png  u
sed on input line 499.
(pdftex.def)             Requested size: 433.62pt x 288.61275pt.

Overfull \vbox (6.59328pt too high) has occurred while \output is active []


[22 <../Software/plots/Total_energy_balance_summed.png>]
<../Software/plots/Energy_balance_only_sens_and_latent_heat.png, id=132, 846.46
237pt x 559.18912pt>
File: ../Software/plots/Energy_balance_only_sens_and_latent_heat.png Graphic fi
le (type png)
<use ../Software/plots/Energy_balance_only_sens_and_latent_heat.png>
Package pdftex.def Info: ../Software/plots/Energy_balance_only_sens_and_latent_
heat.png  used on input line 507.
(pdftex.def)             Requested size: 433.62pt x 286.46255pt.
<../Software/plots/Total_energy_balance_summed_with_ablation.png, id=133, 878.0
805pt x 559.18912pt>
File: ../Software/plots/Total_energy_balance_summed_with_ablation.png Graphic f
ile (type png)
<use ../Software/plots/Total_energy_balance_summed_with_ablation.png>
Package pdftex.def Info: ../Software/plots/Total_energy_balance_summed_with_abl
ation.png  used on input line 514.
(pdftex.def)             Requested size: 433.62pt x 276.14673pt.

Overfull \vbox (6.59328pt too high) has occurred while \output is active []


[23 <../Software/plots/Energy_balance_only_radiation.png> <../Software/plots/En
ergy_balance_only_sens_and_latent_heat.png>]
<../Software/plots/Total_energy_balance_summed_with_water_equivalent.png, id=13
9, 876.27374pt x 559.18912pt>
File: ../Software/plots/Total_energy_balance_summed_with_water_equivalent.png G
raphic file (type png)
<use ../Software/plots/Total_energy_balance_summed_with_water_equivalent.png>
Package pdftex.def Info: ../Software/plots/Total_energy_balance_summed_with_wat
er_equivalent.png  used on input line 522.
(pdftex.def)             Requested size: 433.62pt x 276.7184pt.
<../Software/plots/Total_energy_balance_summed_with_water_equivalent_2017.png, 
id=140, 876.27374pt x 531.1845pt>
File: ../Software/plots/Total_energy_balance_summed_with_water_equivalent_2017.
png Graphic file (type png)
<use ../Software/plots/Total_energy_balance_summed_with_water_equivalent_2017.p
ng>
Package pdftex.def Info: ../Software/plots/Total_energy_balance_summed_with_wat
er_equivalent_2017.png  used on input line 530.
(pdftex.def)             Requested size: 433.62pt x 262.86012pt.

Overfull \vbox (6.59328pt too high) has occurred while \output is active []


[24 <../Software/plots/Total_energy_balance_summed_with_ablation.png> <../Softw
are/plots/Total_energy_balance_summed_with_water_equivalent.png>]
<../Software/plots/Total_energy_balance_summed_with_water_equivalent_2018.png, 
id=147, 876.27374pt x 531.1845pt>
File: ../Software/plots/Total_energy_balance_summed_with_water_equivalent_2018.
png Graphic file (type png)
<use ../Software/plots/Total_energy_balance_summed_with_water_equivalent_2018.p
ng>
Package pdftex.def Info: ../Software/plots/Total_energy_balance_summed_with_wat
er_equivalent_2018.png  used on input line 537.
(pdftex.def)             Requested size: 433.62pt x 262.86012pt.
File: ../Software/plots/Total_energy_balance_summed_with_water_equivalent_2017.
png Graphic file (type png)
<use ../Software/plots/Total_energy_balance_summed_with_water_equivalent_2017.p
ng>
Package pdftex.def Info: ../Software/plots/Total_energy_balance_summed_with_wat
er_equivalent_2017.png  used on input line 547.
(pdftex.def)             Requested size: 433.62pt x 262.86012pt.

Overfull \vbox (6.59328pt too high) has occurred while \output is active []


[25 <../Software/plots/Total_energy_balance_summed_with_water_equivalent_2017.p
ng> <../Software/plots/Total_energy_balance_summed_with_water_equivalent_2018.p
ng>]
<../Software/plots/Total_energy_balance_summed_periodic_trend_eliminated.png, i
d=153, 845.559pt x 559.18912pt>
File: ../Software/plots/Total_energy_balance_summed_periodic_trend_eliminated.p
ng Graphic file (type png)
<use ../Software/plots/Total_energy_balance_summed_periodic_trend_eliminated.pn
g>
Package pdftex.def Info: ../Software/plots/Total_energy_balance_summed_periodic
_trend_eliminated.png  used on input line 557.
(pdftex.def)             Requested size: 433.62pt x 286.76971pt.
<../Software/plots/Radiation_summed_periodic_trend_eliminated.png, id=154, 845.
559pt x 559.18912pt>
File: ../Software/plots/Radiation_summed_periodic_trend_eliminated.png Graphic 
file (type png)
<use ../Software/plots/Radiation_summed_periodic_trend_eliminated.png>
Package pdftex.def Info: ../Software/plots/Radiation_summed_periodic_trend_elim
inated.png  used on input line 564.
(pdftex.def)             Requested size: 433.62pt x 286.76971pt.

Overfull \vbox (6.59328pt too high) has occurred while \output is active []


[26 <../Software/plots/Total_energy_balance_summed_periodic_trend_eliminated.pn
g>]
<../Software/plots/Latent_and_Sensible_summed_periodic_trend_eliminated.png, id
=159, 845.559pt x 559.18912pt>
File: ../Software/plots/Latent_and_Sensible_summed_periodic_trend_eliminated.pn
g Graphic file (type png)
<use ../Software/plots/Latent_and_Sensible_summed_periodic_trend_eliminated.png
>
Package pdftex.def Info: ../Software/plots/Latent_and_Sensible_summed_periodic_
trend_eliminated.png  used on input line 571.
(pdftex.def)             Requested size: 433.62pt x 286.76971pt.

Overfull \vbox (6.59328pt too high) has occurred while \output is active []


[27 <../Software/plots/Radiation_summed_periodic_trend_eliminated.png> <../Soft
ware/plots/Latent_and_Sensible_summed_periodic_trend_eliminated.png>]
Overfull \vbox (6.59328pt too high) has occurred while \output is active []


[28]
Underfull \hbox (badness 10000) in paragraph at lines 592--593

 []


Underfull \hbox (badness 10000) in paragraph at lines 594--595

 []


Overfull \hbox (7.60368pt too wide) in paragraph at lines 596--597
\T1/cmr/m/n/12 tut für Geo-gra-phie und Raum-for-schung. On-li-ne ver-füg-bar u
n-ter https://geographie.uni-
 []


Overfull \hbox (99.43863pt too wide) in paragraph at lines 596--597
\T1/cmr/m/n/12 graz.at/de/forschung/forschungsgruppen/aladyn/projekte/pasterze/
messergebnisse/laengenaenderung/,
 []


Underfull \hbox (badness 10000) in paragraph at lines 596--597

 []


Overfull \vbox (6.59328pt too high) has occurred while \output is active []


[29] (./Bachelorarbeit_Theurl_Manuel.aux)

LaTeX Warning: There were undefined references.


LaTeX Warning: There were multiply-defined labels.

Package logreq Info: Writing requests to 'Bachelorarbeit_Theurl_Manuel.run.xml'
.
\openout1 = `Bachelorarbeit_Theurl_Manuel.run.xml'.

 ) 
Here is how much of TeX's memory you used:
 12371 strings out of 494394
 207043 string characters out of 6172448
 643269 words of memory out of 5000000
 15853 multiletter control sequences out of 15000+600000
 17397 words of font info for 44 fonts, out of 8000000 for 9000
 83 hyphenation exceptions out of 8191
 41i,11n,57p,1153b,1762s stack positions out of 5000i,500n,10000p,200000b,80000s
 </home/atraxoo/.texlive2018/texmf-var/fonts/pk/ljfour/jknappen/ec/ecss1095.6
00pk> </home/atraxoo/.texlive2018/texmf-var/fonts/pk/ljfour/jknappen/ec/ecbx144
0.600pk> </home/atraxoo/.texlive2018/texmf-var/fonts/pk/ljfour/jknappen/ec/ecrm
1095.600pk> </home/atraxoo/.texlive2018/texmf-var/fonts/pk/ljfour/jknappen/ec/e
cbx1200.600pk> </home/atraxoo/.texlive2018/texmf-var/fonts/pk/ljfour/jknappen/e
c/eccc1440.600pk> </home/atraxoo/.texlive2018/texmf-var/fonts/pk/ljfour/jknappe
n/ec/ecbx1728.600pk> </home/atraxoo/.texlive2018/texmf-var/fonts/pk/ljfour/jkna
ppen/ec/ecrm1200.600pk></usr/share/texlive/texmf-dist/fonts/type1/public/amsfon
ts/cm/cmex10.pfb></usr/share/texlive/texmf-dist/fonts/type1/public/amsfonts/cm/
cmmi12.pfb></usr/share/texlive/texmf-dist/fonts/type1/public/amsfonts/cm/cmmi6.
pfb></usr/share/texlive/texmf-dist/fonts/type1/public/amsfonts/cm/cmmi8.pfb></u
sr/share/texlive/texmf-dist/fonts/type1/public/amsfonts/cm/cmr12.pfb></usr/shar
e/texlive/texmf-dist/fonts/type1/public/amsfonts/cm/cmr6.pfb></usr/share/texliv
e/texmf-dist/fonts/type1/public/amsfonts/cm/cmr8.pfb></usr/share/texlive/texmf-
dist/fonts/type1/public/amsfonts/cm/cmsy10.pfb></usr/share/texlive/texmf-dist/f
onts/type1/public/amsfonts/cm/cmsy8.pfb>
Output written on Bachelorarbeit_Theurl_Manuel.pdf (36 pages, 4558249 bytes).
PDF statistics:
 483 PDF objects out of 1000 (max. 8388607)
 136 compressed objects within 2 object streams
 0 named destinations out of 1000 (max. 500000)
 106 words of extra memory for PDF output out of 10000 (max. 10000000)

